/home/lm2472/.conda/envs/nlproofs/lib/python3.9/site-packages/ete3-3.1.2-py3.7.egg/ete3/evol/parser/codemlparser.py:221: SyntaxWarning: "is" with a literal. Did you mean "=="?
/home/lm2472/.conda/envs/nlproofs/lib/python3.9/site-packages/ete3-3.1.2-py3.7.egg/ete3/evol/parser/codemlparser.py:221: SyntaxWarning: "is" with a literal. Did you mean "=="?
Global seed set to 1
/home/lm2472/.conda/envs/nlproofs/lib/python3.9/site-packages/huggingface_hub-0.23.0-py3.8.egg/huggingface_hub/file_download.py:1132: FutureWarning: `resume_download` is deprecated and will be removed in version 1.0.0. Downloads always resume when possible. If you want to force a new download, use `force_download=True`.
Some weights of RobertaModel were not initialized from the model checkpoint at roberta-large and are newly initialized: ['roberta.pooler.dense.bias', 'roberta.pooler.dense.weight']
You should probably TRAIN this model on a down-stream task to be able to use it for predictions and inference.
/home/lm2472/.conda/envs/nlproofs/lib/python3.9/site-packages/pytorch_lightning/core/saving.py:217: UserWarning: Found keys that are not in the model state dict but in the checkpoint: ['encoder.embeddings.position_ids']
  rank_zero_warn(
Multiprocessing is handled by SLURM.
GPU available: True, used: True
TPU available: False, using: 0 TPU cores
IPU available: False, using: 0 IPUs
HPU available: False, using: 0 HPUs
Restoring states from the checkpoint path at ../models/prover-bank-task2.ckpt
LOCAL_RANK: 0 - CUDA_VISIBLE_DEVICES: [0]
Loaded model weights from checkpoint at ../models/prover-bank-task2.ckpt
/home/lm2472/.conda/envs/nlproofs/lib/python3.9/site-packages/torch/utils/data/dataloader.py:487: UserWarning: This DataLoader will create 2 worker processes in total. Our suggested max number of worker in current system is 1, which is smaller than what this DataLoader is going to create. Please be aware that excessive worker creation might get DataLoader running slow or even freeze, lower the worker number to avoid potential slowness/freeze if necessary.
  warnings.warn(_create_warning_msg(
/home/lm2472/.conda/envs/nlproofs/lib/python3.9/site-packages/pytorch_lightning/trainer/connectors/data_connector.py:240: PossibleUserWarning: The dataloader, val_dataloader 0, does not have many workers which may be a bottleneck. Consider increasing the value of the `num_workers` argument` (try 48 which is the number of cpus on this machine) in the `DataLoader` init to improve performance.
  rank_zero_warn(

  0%|          | 0/187 [00:00<?, ?it/s][A100%|██████████| 187/187 [00:00<00:00, 3765.99it/s]
