
EnvironmentNameNotFound: Could not find conda environment: nlproofs
You can list all discoverable environments with `conda info --envs`.


Traceback (most recent call last):
  File "/scratch/gpfs/lm2472/NLProofS/prover/main-gpu.py", line 4, in <module>
    from common import *
  File "/scratch/gpfs/lm2472/NLProofS/prover/../common.py", line 5, in <module>
    import torch
ModuleNotFoundError: No module named 'torch'
Traceback (most recent call last):
  File "/scratch/gpfs/lm2472/NLProofS/prover/main-gpu.py", line 4, in <module>
    from common import *
  File "/scratch/gpfs/lm2472/NLProofS/prover/../common.py", line 5, in <module>
    import torch
ModuleNotFoundError: No module named 'torch'
Traceback (most recent call last):
  File "/scratch/gpfs/lm2472/NLProofS/prover/main-gpu.py", line 4, in <module>
    from common import *
  File "/scratch/gpfs/lm2472/NLProofS/prover/../common.py", line 5, in <module>
    import torch
ModuleNotFoundError: No module named 'torch'
